#
# There is insufficient memory for the Java Runtime Environment to continue.
# Native memory allocation (malloc) failed to allocate 32784 bytes for Chunk::new
# Possible reasons:
#   The system is out of physical RAM or swap space
#   The process is running with CompressedOops enabled, and the Java Heap may be blocking the growth of the native heap
# Possible solutions:
#   Reduce memory load on the system
#   Increase physical memory or swap space
#   Check if swap backing store is full
#   Decrease Java heap size (-Xmx/-Xms)
#   Decrease number of Java threads
#   Decrease Java thread stack sizes (-Xss)
#   Set larger code cache with -XX:ReservedCodeCacheSize=
#   JVM is running with Unscaled Compressed Oops mode in which the Java heap is
#     placed in the first 4GB address space. The Java Heap base address is the
#     maximum limit for the native heap growth. Please use -XX:HeapBaseMinAddress
#     to set the Java Heap base and to place the Java Heap above 4GB virtual address.
# This output file may be truncated or incomplete.
#
#  Out of Memory Error (allocation.cpp:389), pid=17884, tid=0x0000000000006650
#
# JRE version: Java(TM) SE Runtime Environment (8.0_211-b12) (build 1.8.0_211-b12)
# Java VM: Java HotSpot(TM) 64-Bit Server VM (25.211-b12 mixed mode windows-amd64 compressed oops)
# Failed to write core dump. Minidumps are not enabled by default on client versions of Windows
#

---------------  T H R E A D  ---------------

Current thread (0x0000000014e37800):  JavaThread "C2 CompilerThread1" daemon [_thread_in_native, id=26192, stack(0x0000000016590000,0x0000000016690000)]

Stack: [0x0000000016590000,0x0000000016690000]
[error occurred during error reporting (printing stack bounds), id 0xc0000005]

Native frames: (J=compiled Java code, j=interpreted, Vv=VM code, C=native code)


Current CompileTask:
C2:   5706 1478  s    4       sun.misc.URLClassPath::getNextLoader (88 bytes)


---------------  P R O C E S S  ---------------

Java Threads: ( => current thread )
  0x0000000017c9a800 JavaThread "Keep-Alive-Timer" daemon [_thread_blocked, id=21040, stack(0x0000000019ba0000,0x0000000019ca0000)]
  0x0000000018125000 JavaThread "Exec Stream Pumper" daemon [_thread_in_native, id=27836, stack(0x0000000019aa0000,0x0000000019ba0000)]
  0x000000001818c800 JavaThread "Exec Stream Pumper" daemon [_thread_in_native, id=26780, stack(0x00000000199a0000,0x0000000019aa0000)]
  0x0000000018126800 JavaThread "UrlChecker-2" daemon [_thread_blocked, id=8428, stack(0x00000000197a0000,0x00000000198a0000)]
  0x0000000018124800 JavaThread "ForkJoinPool.commonPool-worker-2" daemon [_thread_blocked, id=18612, stack(0x00000000196a0000,0x00000000197a0000)]
  0x0000000017a0a800 JavaThread "Exec Default Executor" daemon [_thread_in_native, id=27020, stack(0x00000000195a0000,0x00000000196a0000)]
  0x0000000017939000 JavaThread "AsyncHttpClient-1-1" daemon [_thread_blocked, id=20144, stack(0x00000000190a0000,0x00000000191a0000)]
  0x0000000017937800 JavaThread "ForkJoinPool.commonPool-worker-1" daemon [_thread_blocked, id=10724, stack(0x0000000018fa0000,0x00000000190a0000)]
  0x00000000170ef800 JavaThread "surefire-forkedjvm-command-thread" daemon [_thread_in_native, id=28460, stack(0x0000000017590000,0x0000000017690000)]
  0x00000000167ba800 JavaThread "Service Thread" daemon [_thread_blocked, id=14204, stack(0x0000000016b90000,0x0000000016c90000)]
  0x0000000014e3d000 JavaThread "C1 CompilerThread2" daemon [_thread_blocked, id=22496, stack(0x0000000016690000,0x0000000016790000)]
=>0x0000000014e37800 JavaThread "C2 CompilerThread1" daemon [_thread_in_native, id=26192, stack(0x0000000016590000,0x0000000016690000)]
  0x0000000014e2e000 JavaThread "C2 CompilerThread0" daemon [_thread_in_native, id=22668, stack(0x0000000016490000,0x0000000016590000)]
  0x0000000014e2c800 JavaThread "Attach Listener" daemon [_thread_blocked, id=20488, stack(0x0000000016390000,0x0000000016490000)]
  0x0000000014e2a000 JavaThread "Signal Dispatcher" daemon [_thread_blocked, id=17164, stack(0x0000000016290000,0x0000000016390000)]
  0x000000000282b000 JavaThread "Finalizer" daemon [_thread_blocked, id=21520, stack(0x0000000016080000,0x0000000016180000)]
  0x0000000002822000 JavaThread "Reference Handler" daemon [_thread_blocked, id=27572, stack(0x0000000015f80000,0x0000000016080000)]
  0x0000000002732800 JavaThread "Forwarding newSession on session null to remote" [_thread_in_native, id=18504, stack(0x0000000002630000,0x0000000002730000)]

Other Threads:
  0x0000000014df7800 VMThread [stack: 0x0000000015e80000,0x0000000015f80000] [id=24176]
  0x00000000167bb000 WatcherThread [stack: 0x0000000016c90000,0x0000000016d90000] [id=27932]

VM state:not at safepoint (normal execution)

VM Mutex/Monitor currently owned by a thread: None

heap address: 0x00000000c1600000, size: 1002 MB, Compressed Oops mode: 32-bit
Narrow klass base: 0x0000000000000000, Narrow klass shift: 3
Compressed class space size: 1073741824 Address: 0x0000000100000000

Heap:
 PSYoungGen      total 18944K, used 15775K [0x00000000eb200000, 0x00000000ed700000, 0x0000000100000000)
  eden space 16384K, 80% used [0x00000000eb200000,0x00000000ebeeca50,0x00000000ec200000)
  from space 2560K, 99% used [0x00000000ec200000,0x00000000ec47b268,0x00000000ec480000)
  to   space 2560K, 0% used [0x00000000ec480000,0x00000000ec480000,0x00000000ec700000)
 ParOldGen       total 44032K, used 9021K [0x00000000c1600000, 0x00000000c4100000, 0x00000000eb200000)
  object space 44032K, 20% used [0x00000000c1600000,0x00000000c1ecf680,0x00000000c4100000)
 Metaspace       used 19263K, capacity 19628K, committed 19968K, reserved 1067008K
  class space    used 2320K, capacity 2438K, committed 2560K, reserved 1048576K

Card table byte_map: [0x0000000011bf0000,0x0000000011df0000] byte_map_base: 0x00000000115e5000

Marking Bits: (ParMarkBitMap*) 0x0000000071575ce0
 Begin Bits: [0x0000000012340000, 0x00000000132e8000)
 End Bits:   [0x00000000132e8000, 0x0000000014290000)

Polling page: 0x0000000000830000

CodeCache: size=245760Kb used=5022Kb max_used=5036Kb free=240737Kb
 bounds [0x0000000002830000, 0x0000000002d20000, 0x0000000011830000]
 total_blobs=1918 nmethods=1478 adapters=352
 compilation: enabled

Compilation events (10 events):
Event: 5.388 Thread 0x0000000014e3d000 1474       3       sun.nio.cs.UTF_8::newEncoder (10 bytes)
Event: 5.388 Thread 0x0000000014e3d000 nmethod 1474 0x0000000002d17a50 code [0x0000000002d17c00, 0x0000000002d17fc8]
Event: 5.388 Thread 0x0000000014e3d000 1475       3       java.nio.charset.CharsetDecoder::<init> (108 bytes)
Event: 5.389 Thread 0x0000000014e3d000 nmethod 1475 0x0000000002d181d0 code [0x0000000002d183a0, 0x0000000002d18a88]
Event: 5.644 Thread 0x0000000014e3d000 1476       1       java.nio.Buffer::remaining (10 bytes)
Event: 5.645 Thread 0x0000000014e3d000 nmethod 1476 0x0000000002d18cd0 code [0x0000000002d18e20, 0x0000000002d18f30]
Event: 5.664 Thread 0x0000000014e2e000 1477       4       sun.net.www.ParseUtil::encodePath (336 bytes)
Event: 5.664 Thread 0x0000000014e37800 1478  s    4       sun.misc.URLClassPath::getNextLoader (88 bytes)
Event: 5.684 Thread 0x0000000014e3d000 1480       1       java.util.logging.Logger::getName (5 bytes)
Event: 5.685 Thread 0x0000000014e3d000 nmethod 1480 0x0000000002d18f90 code [0x0000000002d190e0, 0x0000000002d191f0]

GC Heap History (10 events):
Event: 0.692 GC heap before
{Heap before GC invocations=1 (full 0):
 PSYoungGen      total 18944K, used 16384K [0x00000000eb200000, 0x00000000ec700000, 0x0000000100000000)
  eden space 16384K, 100% used [0x00000000eb200000,0x00000000ec200000,0x00000000ec200000)
  from space 2560K, 0% used [0x00000000ec480000,0x00000000ec480000,0x00000000ec700000)
  to   space 2560K, 0% used [0x00000000ec200000,0x00000000ec200000,0x00000000ec480000)
 ParOldGen       total 44032K, used 0K [0x00000000c1600000, 0x00000000c4100000, 0x00000000eb200000)
  object space 44032K, 0% used [0x00000000c1600000,0x00000000c1600000,0x00000000c4100000)
 Metaspace       used 7552K, capacity 7660K, committed 7936K, reserved 1056768K
  class space    used 856K, capacity 924K, committed 1024K, reserved 1048576K
Event: 0.698 GC heap after
Heap after GC invocations=1 (full 0):
 PSYoungGen      total 18944K, used 2541K [0x00000000eb200000, 0x00000000ec700000, 0x0000000100000000)
  eden space 16384K, 0% used [0x00000000eb200000,0x00000000eb200000,0x00000000ec200000)
  from space 2560K, 99% used [0x00000000ec200000,0x00000000ec47b6e8,0x00000000ec480000)
  to   space 2560K, 0% used [0x00000000ec480000,0x00000000ec480000,0x00000000ec700000)
 ParOldGen       total 44032K, used 692K [0x00000000c1600000, 0x00000000c4100000, 0x00000000eb200000)
  object space 44032K, 1% used [0x00000000c1600000,0x00000000c16ad348,0x00000000c4100000)
 Metaspace       used 7552K, capacity 7660K, committed 7936K, reserved 1056768K
  class space    used 856K, capacity 924K, committed 1024K, reserved 1048576K
}
Event: 2.334 GC heap before
{Heap before GC invocations=2 (full 0):
 PSYoungGen      total 18944K, used 18925K [0x00000000eb200000, 0x00000000ec700000, 0x0000000100000000)
  eden space 16384K, 100% used [0x00000000eb200000,0x00000000ec200000,0x00000000ec200000)
  from space 2560K, 99% used [0x00000000ec200000,0x00000000ec47b6e8,0x00000000ec480000)
  to   space 2560K, 0% used [0x00000000ec480000,0x00000000ec480000,0x00000000ec700000)
 ParOldGen       total 44032K, used 692K [0x00000000c1600000, 0x00000000c4100000, 0x00000000eb200000)
  object space 44032K, 1% used [0x00000000c1600000,0x00000000c16ad348,0x00000000c4100000)
 Metaspace       used 10746K, capacity 10954K, committed 11136K, reserved 1058816K
  class space    used 1236K, capacity 1335K, committed 1408K, reserved 1048576K
Event: 2.339 GC heap after
Heap after GC invocations=2 (full 0):
 PSYoungGen      total 18944K, used 2546K [0x00000000eb200000, 0x00000000ec700000, 0x0000000100000000)
  eden space 16384K, 0% used [0x00000000eb200000,0x00000000eb200000,0x00000000ec200000)
  from space 2560K, 99% used [0x00000000ec480000,0x00000000ec6fcb30,0x00000000ec700000)
  to   space 2560K, 0% used [0x00000000ec200000,0x00000000ec200000,0x00000000ec480000)
 ParOldGen       total 44032K, used 1899K [0x00000000c1600000, 0x00000000c4100000, 0x00000000eb200000)
  object space 44032K, 4% used [0x00000000c1600000,0x00000000c17dad28,0x00000000c4100000)
 Metaspace       used 10746K, capacity 10954K, committed 11136K, reserved 1058816K
  class space    used 1236K, capacity 1335K, committed 1408K, reserved 1048576K
}
Event: 3.143 GC heap before
{Heap before GC invocations=3 (full 0):
 PSYoungGen      total 18944K, used 18930K [0x00000000eb200000, 0x00000000ec700000, 0x0000000100000000)
  eden space 16384K, 100% used [0x00000000eb200000,0x00000000ec200000,0x00000000ec200000)
  from space 2560K, 99% used [0x00000000ec480000,0x00000000ec6fcb30,0x00000000ec700000)
  to   space 2560K, 0% used [0x00000000ec200000,0x00000000ec200000,0x00000000ec480000)
 ParOldGen       total 44032K, used 1899K [0x00000000c1600000, 0x00000000c4100000, 0x00000000eb200000)
  object space 44032K, 4% used [0x00000000c1600000,0x00000000c17dad28,0x00000000c4100000)
 Metaspace       used 13258K, capacity 13558K, committed 13696K, reserved 1060864K
  class space    used 1521K, capacity 1641K, committed 1664K, reserved 1048576K
Event: 3.148 GC heap after
Heap after GC invocations=3 (full 0):
 PSYoungGen      total 18944K, used 2534K [0x00000000eb200000, 0x00000000ec700000, 0x0000000100000000)
  eden space 16384K, 0% used [0x00000000eb200000,0x00000000eb200000,0x00000000ec200000)
  from space 2560K, 98% used [0x00000000ec200000,0x00000000ec4798e8,0x00000000ec480000)
  to   space 2560K, 0% used [0x00000000ec480000,0x00000000ec480000,0x00000000ec700000)
 ParOldGen       total 44032K, used 3914K [0x00000000c1600000, 0x00000000c4100000, 0x00000000eb200000)
  object space 44032K, 8% used [0x00000000c1600000,0x00000000c19d2940,0x00000000c4100000)
 Metaspace       used 13258K, capacity 13558K, committed 13696K, reserved 1060864K
  class space    used 1521K, capacity 1641K, committed 1664K, reserved 1048576K
}
Event: 3.786 GC heap before
{Heap before GC invocations=4 (full 0):
 PSYoungGen      total 18944K, used 18918K [0x00000000eb200000, 0x00000000ec700000, 0x0000000100000000)
  eden space 16384K, 100% used [0x00000000eb200000,0x00000000ec200000,0x00000000ec200000)
  from space 2560K, 98% used [0x00000000ec200000,0x00000000ec4798e8,0x00000000ec480000)
  to   space 2560K, 0% used [0x00000000ec480000,0x00000000ec480000,0x00000000ec700000)
 ParOldGen       total 44032K, used 3914K [0x00000000c1600000, 0x00000000c4100000, 0x00000000eb200000)
  object space 44032K, 8% used [0x00000000c1600000,0x00000000c19d2940,0x00000000c4100000)
 Metaspace       used 14925K, capacity 15300K, committed 15488K, reserved 1062912K
  class space    used 1742K, capacity 1878K, committed 1920K, reserved 1048576K
Event: 3.801 GC heap after
Heap after GC invocations=4 (full 0):
 PSYoungGen      total 18944K, used 2530K [0x00000000eb200000, 0x00000000ed700000, 0x0000000100000000)
  eden space 16384K, 0% used [0x00000000eb200000,0x00000000eb200000,0x00000000ec200000)
  from space 2560K, 98% used [0x00000000ec480000,0x00000000ec6f8b50,0x00000000ec700000)
  to   space 2560K, 0% used [0x00000000ec200000,0x00000000ec200000,0x00000000ec480000)
 ParOldGen       total 44032K, used 6458K [0x00000000c1600000, 0x00000000c4100000, 0x00000000eb200000)
  object space 44032K, 14% used [0x00000000c1600000,0x00000000c1c4e868,0x00000000c4100000)
 Metaspace       used 14925K, capacity 15300K, committed 15488K, reserved 1062912K
  class space    used 1742K, capacity 1878K, committed 1920K, reserved 1048576K
}
Event: 4.563 GC heap before
{Heap before GC invocations=5 (full 0):
 PSYoungGen      total 18944K, used 18914K [0x00000000eb200000, 0x00000000ed700000, 0x0000000100000000)
  eden space 16384K, 100% used [0x00000000eb200000,0x00000000ec200000,0x00000000ec200000)
  from space 2560K, 98% used [0x00000000ec480000,0x00000000ec6f8b50,0x00000000ec700000)
  to   space 2560K, 0% used [0x00000000ec200000,0x00000000ec200000,0x00000000ec480000)
 ParOldGen       total 44032K, used 6458K [0x00000000c1600000, 0x00000000c4100000, 0x00000000eb200000)
  object space 44032K, 14% used [0x00000000c1600000,0x00000000c1c4e868,0x00000000c4100000)
 Metaspace       used 17315K, capacity 17720K, committed 17920K, reserved 1064960K
  class space    used 2075K, capacity 2236K, committed 2304K, reserved 1048576K
Event: 4.579 GC heap after
Heap after GC invocations=5 (full 0):
 PSYoungGen      total 18944K, used 2540K [0x00000000eb200000, 0x00000000ed700000, 0x0000000100000000)
  eden space 16384K, 0% used [0x00000000eb200000,0x00000000eb200000,0x00000000ec200000)
  from space 2560K, 99% used [0x00000000ec200000,0x00000000ec47b268,0x00000000ec480000)
  to   space 2560K, 0% used [0x00000000ec480000,0x00000000ec480000,0x00000000ec700000)
 ParOldGen       total 44032K, used 9021K [0x00000000c1600000, 0x00000000c4100000, 0x00000000eb200000)
  object space 44032K, 20% used [0x00000000c1600000,0x00000000c1ecf680,0x00000000c4100000)
 Metaspace       used 17315K, capacity 17720K, committed 17920K, reserved 1064960K
  class space    used 2075K, capacity 2236K, committed 2304K, reserved 1048576K
}

Deoptimization events (10 events):
Event: 3.311 Thread 0x0000000002732800 Uncommon trap: reason=unstable_if action=reinterpret pc=0x0000000002cb5c34 method=java.util.concurrent.ConcurrentHashMap.putVal(Ljava/lang/Object;Ljava/lang/Object;Z)Ljava/lang/Object; @ 181
Event: 3.532 Thread 0x0000000002732800 Uncommon trap: reason=class_check action=maybe_recompile pc=0x0000000002bb1240 method=java.util.Properties$LineReader.readLine()I @ 410
Event: 3.806 Thread 0x0000000002732800 Uncommon trap: reason=unstable_if action=reinterpret pc=0x0000000002bc6308 method=java.lang.Integer.parseInt(Ljava/lang/String;I)I @ 122
Event: 3.820 Thread 0x0000000002732800 Uncommon trap: reason=unstable_if action=reinterpret pc=0x0000000002b717e4 method=sun.misc.URLClassPath$JarLoader.getResource(Ljava/lang/String;ZLjava/util/Set;)Lsun/misc/Resource; @ 17
Event: 3.962 Thread 0x0000000002732800 Uncommon trap: reason=class_check action=maybe_recompile pc=0x0000000002c43d24 method=java.util.regex.Pattern$Curly.match(Ljava/util/regex/Matcher;ILjava/lang/CharSequence;)Z @ 19
Event: 3.962 Thread 0x0000000002732800 Uncommon trap: reason=class_check action=maybe_recompile pc=0x0000000002c43d24 method=java.util.regex.Pattern$Curly.match(Ljava/util/regex/Matcher;ILjava/lang/CharSequence;)Z @ 19
Event: 3.962 Thread 0x0000000002732800 Uncommon trap: reason=class_check action=maybe_recompile pc=0x0000000002c43d24 method=java.util.regex.Pattern$Curly.match(Ljava/util/regex/Matcher;ILjava/lang/CharSequence;)Z @ 19
Event: 3.962 Thread 0x0000000002732800 Uncommon trap: reason=class_check action=maybe_recompile pc=0x0000000002c43d24 method=java.util.regex.Pattern$Curly.match(Ljava/util/regex/Matcher;ILjava/lang/CharSequence;)Z @ 19
Event: 5.031 Thread 0x0000000002732800 Uncommon trap: reason=unstable_if action=reinterpret pc=0x0000000002a2851c method=java.lang.String.replace(CC)Ljava/lang/String; @ 2
Event: 5.095 Thread 0x0000000018126800 Uncommon trap: reason=predicate action=maybe_recompile pc=0x0000000002b53d6c method=sun.net.www.ParseUtil.encodePath(Ljava/lang/String;Z)Ljava/lang/String; @ 36

Classes redefined (0 events):
No events

Internal exceptions (10 events):
Event: 2.299 Thread 0x0000000002732800 Exception <a 'java/lang/ClassNotFoundException': org/apache/log4j/RollingFileAppenderBeanInfo> (0x00000000ec0f1ac0) thrown at [C:\re\workspace\8-2-build-windows-amd64-cygwin\jdk8u211\12973\hotspot\src\share\vm\classfile\systemDictionary.cpp, line 210]
Event: 2.300 Thread 0x0000000002732800 Exception <a 'java/lang/ClassNotFoundException': org/apache/log4j/RollingFileAppenderCustomizer> (0x00000000ec10bd38) thrown at [C:\re\workspace\8-2-build-windows-amd64-cygwin\jdk8u211\12973\hotspot\src\share\vm\classfile\systemDictionary.cpp, line 210]
Event: 2.360 Thread 0x0000000002732800 Exception <a 'java/lang/NoClassDefFoundError': org/slf4j/impl/StaticLoggerBinder> (0x00000000eb261430) thrown at [C:\re\workspace\8-2-build-windows-amd64-cygwin\jdk8u211\12973\hotspot\src\share\vm\classfile\systemDictionary.cpp, line 199]
Event: 3.711 Thread 0x0000000002732800 Exception <a 'java/lang/NoSuchMethodError': java.lang.Object.lambda$create$0(Lorg/openqa/selenium/remote/http/HttpClient$Factory;)Z> (0x00000000ec0542a0) thrown at [C:\re\workspace\8-2-build-windows-amd64-cygwin\jdk8u211\12973\hotspot\src\share\vm\interpr
Event: 3.713 Thread 0x0000000002732800 Exception <a 'java/lang/NoSuchMethodError': java.lang.Object.lambda$create$1(Ljava/lang/String;Lorg/openqa/selenium/remote/http/HttpClient$Factory;)Z> (0x00000000ec057508) thrown at [C:\re\workspace\8-2-build-windows-amd64-cygwin\jdk8u211\12973\hotspot\sr
Event: 3.852 Thread 0x0000000002732800 Exception <a 'java/lang/NoSuchMethodError': java.lang.Object.lambda$static$0(Lorg/asynchttpclient/uri/Uri;)Lorg/asynchttpclient/proxy/ProxyServer;> (0x00000000eb385fe8) thrown at [C:\re\workspace\8-2-build-windows-amd64-cygwin\jdk8u211\12973\hotspot\src\s
Event: 3.866 Thread 0x0000000002732800 Exception <a 'java/lang/NoClassDefFoundError': org/apache/logging/log4j/spi/ExtendedLoggerWrapper> (0x00000000eb3f9888) thrown at [C:\re\workspace\8-2-build-windows-amd64-cygwin\jdk8u211\12973\hotspot\src\share\vm\classfile\systemDictionary.cpp, line 199]
Event: 3.866 Thread 0x0000000002732800 Exception <a 'java/lang/NoClassDefFoundError'> (0x00000000eb3f9888) thrown at [C:\re\workspace\8-2-build-windows-amd64-cygwin\jdk8u211\12973\hotspot\src\share\vm\prims\jvm.cpp, line 1506]
Event: 4.806 Thread 0x0000000002732800 Exception <a 'java/lang/NoSuchMethodError': java.lang.Object.lambda$andFinally$1(Lorg/openqa/selenium/remote/http/HttpHandler;Lorg/openqa/selenium/remote/http/HttpRequest;)Lorg/openqa/selenium/remote/http/HttpResponse;> (0x00000000eb6f6360) thrown at [C:\
Event: 5.596 Thread 0x0000000018126800 Exception <a 'java/net/SocketTimeoutException': connect timed out> (0x00000000ebb63760) thrown at [C:\re\workspace\8-2-build-windows-amd64-cygwin\jdk8u211\12973\hotspot\src\share\vm\prims\jni.cpp, line 736]

Events (10 events):
Event: 5.663 loading class org/openqa/selenium/remote/ProtocolHandshake
Event: 5.663 loading class org/openqa/selenium/remote/ProtocolHandshake done
Event: 5.668 loading class org/openqa/selenium/json/JsonException
Event: 5.669 loading class org/openqa/selenium/json/JsonException done
Event: 5.678 loading class com/google/common/io/FileBackedOutputStream
Event: 5.678 loading class com/google/common/io/FileBackedOutputStream done
Event: 5.682 loading class com/google/common/io/CountingOutputStream
Event: 5.682 loading class com/google/common/io/CountingOutputStream done
Event: 5.685 loading class java/time/temporal/TemporalAccessor
Event: 5.688 loading class java/time/temporal/TemporalAccessor done


Dynamic libraries:
0x00007ff6a0d20000 - 0x00007ff6a0d57000 	C:\Program Files\Java\jdk1.8.0_211\jre\bin\java.exe
0x00007ffdef300000 - 0x00007ffdef4f0000 	C:\Windows\SYSTEM32\ntdll.dll
0x00007ffded7b0000 - 0x00007ffded862000 	C:\Windows\System32\KERNEL32.DLL
0x00007ffdec2b0000 - 0x00007ffdec555000 	C:\Windows\System32\KERNELBASE.dll
0x00007ffded6f0000 - 0x00007ffded793000 	C:\Windows\System32\ADVAPI32.dll
0x00007ffdeeb60000 - 0x00007ffdeebfe000 	C:\Windows\System32\msvcrt.dll
0x00007ffdeee00000 - 0x00007ffdeee97000 	C:\Windows\System32\sechost.dll
0x00007ffdef120000 - 0x00007ffdef240000 	C:\Windows\System32\RPCRT4.dll
0x00007ffdee0c0000 - 0x00007ffdee254000 	C:\Windows\System32\USER32.dll
0x00007ffdec560000 - 0x00007ffdec581000 	C:\Windows\System32\win32u.dll
0x00007ffdee090000 - 0x00007ffdee0b6000 	C:\Windows\System32\GDI32.dll
0x00007ffded160000 - 0x00007ffded2f6000 	C:\Windows\System32\gdi32full.dll
0x00007ffdec7d0000 - 0x00007ffdec86e000 	C:\Windows\System32\msvcp_win.dll
0x00007ffded060000 - 0x00007ffded15a000 	C:\Windows\System32\ucrtbase.dll
0x00007ffddf760000 - 0x00007ffddf9e4000 	C:\Windows\WinSxS\amd64_microsoft.windows.common-controls_6595b64144ccf1df_6.0.18362.1198_none_9e820b57e45ad92f\COMCTL32.dll
0x00007ffded870000 - 0x00007ffdedba5000 	C:\Windows\System32\combase.dll
0x00007ffdec700000 - 0x00007ffdec780000 	C:\Windows\System32\bcryptPrimitives.dll
0x00007ffded5d0000 - 0x00007ffded5fe000 	C:\Windows\System32\IMM32.DLL
0x0000000071600000 - 0x00000000716d2000 	C:\Program Files\Java\jdk1.8.0_211\jre\bin\msvcr100.dll
0x0000000070d50000 - 0x00000000715f5000 	C:\Program Files\Java\jdk1.8.0_211\jre\bin\server\jvm.dll
0x00007ffded7a0000 - 0x00007ffded7a8000 	C:\Windows\System32\PSAPI.DLL
0x00007ffde5600000 - 0x00007ffde560a000 	C:\Windows\SYSTEM32\VERSION.dll
0x00007ffdd2460000 - 0x00007ffdd2469000 	C:\Windows\SYSTEM32\WSOCK32.dll
0x00007ffde93b0000 - 0x00007ffde93d4000 	C:\Windows\SYSTEM32\WINMM.dll
0x00007ffdee3a0000 - 0x00007ffdee40f000 	C:\Windows\System32\WS2_32.dll
0x00007ffde9380000 - 0x00007ffde93ad000 	C:\Windows\SYSTEM32\winmmbase.dll
0x00007ffdec780000 - 0x00007ffdec7ca000 	C:\Windows\System32\cfgmgr32.dll
0x00007ffde7c60000 - 0x00007ffde7c6f000 	C:\Program Files\Java\jdk1.8.0_211\jre\bin\verify.dll
0x00007ffdd5760000 - 0x00007ffdd5789000 	C:\Program Files\Java\jdk1.8.0_211\jre\bin\java.dll
0x00007ffdd56c0000 - 0x00007ffdd56d6000 	C:\Program Files\Java\jdk1.8.0_211\jre\bin\zip.dll
0x00007ffdee470000 - 0x00007ffdeeb57000 	C:\Windows\System32\SHELL32.dll
0x00007ffded520000 - 0x00007ffded5c9000 	C:\Windows\System32\shcore.dll
0x00007ffdec870000 - 0x00007ffdecff1000 	C:\Windows\System32\windows.storage.dll
0x00007ffdec250000 - 0x00007ffdec273000 	C:\Windows\System32\profapi.dll
0x00007ffdec1e0000 - 0x00007ffdec22a000 	C:\Windows\System32\powrprof.dll
0x00007ffdec1b0000 - 0x00007ffdec1c0000 	C:\Windows\System32\UMPDC.dll
0x00007ffdef240000 - 0x00007ffdef292000 	C:\Windows\System32\shlwapi.dll
0x00007ffdec1c0000 - 0x00007ffdec1d1000 	C:\Windows\System32\kernel.appcore.dll
0x00007ffdec6e0000 - 0x00007ffdec6f7000 	C:\Windows\System32\cryptsp.dll
0x00007ffde64f0000 - 0x00007ffde64fd000 	C:\Program Files\Java\jdk1.8.0_211\jre\bin\management.dll
0x00007ffdeb510000 - 0x00007ffdeb543000 	C:\Windows\system32\rsaenh.dll
0x00007ffdec280000 - 0x00007ffdec2a6000 	C:\Windows\System32\bcrypt.dll
0x00007ffdec0d0000 - 0x00007ffdec0f5000 	C:\Windows\SYSTEM32\USERENV.dll
0x00007ffdebb70000 - 0x00007ffdebb7c000 	C:\Windows\SYSTEM32\CRYPTBASE.dll
0x00007ffdd5670000 - 0x00007ffdd568a000 	C:\Program Files\Java\jdk1.8.0_211\jre\bin\net.dll
0x00007ffddfff0000 - 0x00007ffde01c6000 	C:\Windows\SYSTEM32\urlmon.dll
0x00007ffdde330000 - 0x00007ffdde5d7000 	C:\Windows\SYSTEM32\iertutil.dll
0x00007ffdeb9a0000 - 0x00007ffdeba07000 	C:\Windows\system32\mswsock.dll
0x00007ffdeb6b0000 - 0x00007ffdeb6ea000 	C:\Windows\SYSTEM32\IPHLPAPI.DLL
0x00007ffded510000 - 0x00007ffded518000 	C:\Windows\System32\NSI.dll
0x00007ffde4b10000 - 0x00007ffde4b26000 	C:\Windows\SYSTEM32\dhcpcsvc6.DLL
0x00007ffde3ea0000 - 0x00007ffde3ebc000 	C:\Windows\SYSTEM32\dhcpcsvc.DLL
0x00007ffdeb6f0000 - 0x00007ffdeb7bb000 	C:\Windows\SYSTEM32\DNSAPI.dll
0x00007ffdd4ff0000 - 0x00007ffdd5002000 	C:\Program Files\Java\jdk1.8.0_211\jre\bin\nio.dll
0x00007ffdd4de0000 - 0x00007ffdd4e04000 	C:\Program Files\Java\jdk1.8.0_211\jre\bin\sunec.dll
0x00007ffdde9b0000 - 0x00007ffdde9ba000 	C:\Windows\System32\rasadhlp.dll
0x00007ffde48e0000 - 0x00007ffde4957000 	C:\Windows\System32\fwpuclnt.dll
0x00007ffde0600000 - 0x00007ffde060b000 	C:\Program Files\Java\jdk1.8.0_211\jre\bin\sunmscapi.dll
0x00007ffdec590000 - 0x00007ffdec6d9000 	C:\Windows\System32\CRYPT32.dll
0x00007ffdec230000 - 0x00007ffdec242000 	C:\Windows\System32\MSASN1.dll

VM Arguments:
java_command: C:\Users\AyushSharma\AppData\Local\Temp\surefire2225966602480073046\surefirebooter93853952376560354.jar C:\Users\AyushSharma\AppData\Local\Temp\surefire2225966602480073046 2020-12-07T17-49-26_525-jvmRun1 surefire8720383291377407605tmp surefire_0547931871553830107tmp
java_class_path (initial): C:\Users\AyushSharma\AppData\Local\Temp\surefire2225966602480073046\surefirebooter93853952376560354.jar
Launcher Type: SUN_STANDARD

Environment Variables:
JAVA_HOME=C:\Program Files\Java\jdk1.8.0_211
PATH=C:\Program Files (x86)\Common Files\Oracle\Java\javapath;C:\Program Files (x86)\Intel\iCLS Client\;C:\Program Files\Intel\iCLS Client\;C:\app\AyushSharma\product\11.2.0\dbhome_1\bin;C:\Windows\system32;C:\Windows;C:\Windows\System32\Wbem;C:\Windows\System32\WindowsPowerShell\v1.0\;C:\Windows\System32\OpenSSH\;C:\Program Files (x86)\Intel\Intel(R) Management Engine Components\DAL;C:\Program Files\Intel\Intel(R) Management Engine Components\DAL;C:\Program Files (x86)\Intel\Intel(R) Management Engine Components\IPT;C:\Program Files\Intel\Intel(R) Management Engine Components\IPT;C:\Program Files\Java\jdk1.8.0_211\bin;C:\apache-maven-3.6.3\bin;C:\Program Files\nodejs\;C:\Program Files\Git\cmd;C:\Users\AyushSharma\AppData\Local\Microsoft\WindowsApps;C:\Users\AyushSharma\AppData\Roaming\npm;C:\Users\AyushSharma\AppData\Local\Programs\Microsoft VS Code\bin
USERNAME=AyushSharma
OS=Windows_NT
PROCESSOR_IDENTIFIER=Intel64 Family 6 Model 69 Stepping 1, GenuineIntel



---------------  S Y S T E M  ---------------

OS: Windows 10.0 , 64 bit Build 18362 (10.0.18362.1110)

CPU:total 4 (initial active 4) (2 cores per cpu, 2 threads per core) family 6 model 69 stepping 1, cmov, cx8, fxsr, mmx, sse, sse2, sse3, ssse3, sse4.1, sse4.2, popcnt, avx, avx2, aes, clmul, erms, lzcnt, ht, tsc, tscinvbit, bmi1, bmi2

Memory: 4k page, physical 4097496k(324556k free), swap 16680408k(804k free)

vm_info: Java HotSpot(TM) 64-Bit Server VM (25.211-b12) for windows-amd64 JRE (1.8.0_211-b12), built on Apr  1 2019 20:53:26 by "java_re" with MS VC++ 10.0 (VS2010)

time: Mon Dec 07 17:49:34 2020
timezone: India Standard Time
elapsed time: 5 seconds (0d 0h 0m 5s)

