#
# There is insufficient memory for the Java Runtime Environment to continue.
# Native memory allocation (malloc) failed to allocate 233616 bytes for Chunk::new
# Possible reasons:
#   The system is out of physical RAM or swap space
#   The process is running with CompressedOops enabled, and the Java Heap may be blocking the growth of the native heap
# Possible solutions:
#   Reduce memory load on the system
#   Increase physical memory or swap space
#   Check if swap backing store is full
#   Decrease Java heap size (-Xmx/-Xms)
#   Decrease number of Java threads
#   Decrease Java thread stack sizes (-Xss)
#   Set larger code cache with -XX:ReservedCodeCacheSize=
#   JVM is running with Unscaled Compressed Oops mode in which the Java heap is
#     placed in the first 4GB address space. The Java Heap base address is the
#     maximum limit for the native heap growth. Please use -XX:HeapBaseMinAddress
#     to set the Java Heap base and to place the Java Heap above 4GB virtual address.
# This output file may be truncated or incomplete.
#
#  Out of Memory Error (allocation.cpp:389), pid=27612, tid=0x00000000000064d0
#
# JRE version: Java(TM) SE Runtime Environment (8.0_211-b12) (build 1.8.0_211-b12)
# Java VM: Java HotSpot(TM) 64-Bit Server VM (25.211-b12 mixed mode windows-amd64 compressed oops)
# Failed to write core dump. Minidumps are not enabled by default on client versions of Windows
#

---------------  T H R E A D  ---------------

Current thread (0x0000000015372000):  JavaThread "C2 CompilerThread0" daemon [_thread_in_native, id=25808, stack(0x00000000169e0000,0x0000000016ae0000)]

Stack: [0x00000000169e0000,0x0000000016ae0000]
[error occurred during error reporting (printing stack bounds), id 0xc0000005]

Native frames: (J=compiled Java code, j=interpreted, Vv=VM code, C=native code)


Current CompileTask:
C2:  11383 1816       4       java.io.DataOutputStream::writeShort (35 bytes)


---------------  P R O C E S S  ---------------

Java Threads: ( => current thread )
  0x0000000017d10800 JavaThread "AsyncHttpClient-1-4" daemon [_thread_in_native, id=28260, stack(0x000000001d6e0000,0x000000001d7e0000)]
  0x0000000017d0c000 JavaThread "AsyncHttpClient-1-3" daemon [_thread_in_native, id=27096, stack(0x000000001a0f0000,0x000000001a1f0000)]
  0x0000000018b95800 JavaThread "AsyncHttpClient-1-2" daemon [_thread_in_native, id=22992, stack(0x000000001b3c0000,0x000000001b4c0000)]
  0x000000001883b000 JavaThread "Exec Stream Pumper" daemon [_thread_in_native, id=22648, stack(0x0000000019ef0000,0x0000000019ff0000)]
  0x0000000017edd000 JavaThread "Exec Stream Pumper" daemon [_thread_in_native, id=21552, stack(0x0000000019df0000,0x0000000019ef0000)]
  0x0000000017f20000 JavaThread "UrlChecker-2" daemon [_thread_blocked, id=21288, stack(0x0000000019cf0000,0x0000000019df0000)]
  0x0000000017f1d000 JavaThread "ForkJoinPool.commonPool-worker-2" daemon [_thread_blocked, id=8068, stack(0x0000000019bf0000,0x0000000019cf0000)]
  0x0000000017edc000 JavaThread "Exec Default Executor" daemon [_thread_in_native, id=26068, stack(0x0000000019af0000,0x0000000019bf0000)]
  0x000000001815e800 JavaThread "AsyncHttpClient-1-1" daemon [_thread_blocked, id=27848, stack(0x00000000195f0000,0x00000000196f0000)]
  0x00000000180c6800 JavaThread "ForkJoinPool.commonPool-worker-1" daemon [_thread_blocked, id=23808, stack(0x00000000194f0000,0x00000000195f0000)]
  0x000000001764d000 JavaThread "surefire-forkedjvm-command-thread" daemon [_thread_in_native, id=22904, stack(0x0000000017ae0000,0x0000000017be0000)]
  0x00000000153ce000 JavaThread "Service Thread" daemon [_thread_blocked, id=27240, stack(0x00000000170e0000,0x00000000171e0000)]
  0x000000001537d000 JavaThread "C1 CompilerThread2" daemon [_thread_in_native, id=25316, stack(0x0000000016be0000,0x0000000016ce0000)]
  0x000000001537a000 JavaThread "C2 CompilerThread1" daemon [_thread_in_native, id=7508, stack(0x0000000016ae0000,0x0000000016be0000)]
=>0x0000000015372000 JavaThread "C2 CompilerThread0" daemon [_thread_in_native, id=25808, stack(0x00000000169e0000,0x0000000016ae0000)]
  0x000000001536f000 JavaThread "Attach Listener" daemon [_thread_blocked, id=28368, stack(0x00000000168e0000,0x00000000169e0000)]
  0x000000001536d000 JavaThread "Signal Dispatcher" daemon [_thread_blocked, id=24540, stack(0x00000000167e0000,0x00000000168e0000)]
  0x0000000002d6b000 JavaThread "Finalizer" daemon [_thread_blocked, id=22536, stack(0x00000000165e0000,0x00000000166e0000)]
  0x0000000002d62000 JavaThread "Reference Handler" daemon [_thread_blocked, id=25208, stack(0x00000000164e0000,0x00000000165e0000)]
  0x0000000002c72800 JavaThread "Forwarding maximizeCurrentWindow on session 76bc2b2af519c3f3f517b5735660a916 to remote" [_thread_in_vm, id=17820, stack(0x0000000002b70000,0x0000000002c70000)]

Other Threads:
  0x0000000015337800 VMThread [stack: 0x00000000163e0000,0x00000000164e0000] [id=16504]
  0x0000000016d2a800 WatcherThread [stack: 0x00000000171e0000,0x00000000172e0000] [id=24340]

VM state:not at safepoint (normal execution)

VM Mutex/Monitor currently owned by a thread: None

OutOfMemory and StackOverflow Exception counts:
OutOfMemoryError java_heap_errors=2

heap address: 0x00000000c1600000, size: 1002 MB, Compressed Oops mode: 32-bit
Narrow klass base: 0x0000000000000000, Narrow klass shift: 3
Compressed class space size: 1073741824 Address: 0x0000000100000000

Heap:
 PSYoungGen      total 38912K, used 32636K [0x00000000eb200000, 0x00000000efe00000, 0x0000000100000000)
  eden space 32768K, 99% used [0x00000000eb200000,0x00000000ed1df248,0x00000000ed200000)
  from space 6144K, 0% used [0x00000000ed200000,0x00000000ed200000,0x00000000ed800000)
  to   space 6144K, 0% used [0x00000000ef800000,0x00000000ef800000,0x00000000efe00000)
 ParOldGen       total 34304K, used 25367K [0x00000000c1600000, 0x00000000c3780000, 0x00000000eb200000)
  object space 34304K, 73% used [0x00000000c1600000,0x00000000c2ec5cc0,0x00000000c3780000)
 Metaspace       used 24451K, capacity 25438K, committed 25728K, reserved 1071104K
  class space    used 3133K, capacity 3371K, committed 3456K, reserved 1048576K

Card table byte_map: [0x0000000012130000,0x0000000012330000] byte_map_base: 0x0000000011b25000

Marking Bits: (ParMarkBitMap*) 0x0000000071575ce0
 Begin Bits: [0x0000000012880000, 0x0000000013828000)
 End Bits:   [0x0000000013828000, 0x00000000147d0000)

Polling page: 0x0000000000e20000

CodeCache: size=245760Kb used=6136Kb max_used=6136Kb free=239623Kb
 bounds [0x0000000002d70000, 0x0000000003380000, 0x0000000011d70000]
 total_blobs=2291 nmethods=1815 adapters=387
 compilation: enabled

Compilation events (10 events):
Event: 11.337 Thread 0x000000001537a000 1818       4       sun.misc.ProxyGenerator$ConstantPool::getValue (91 bytes)
Event: 11.338 Thread 0x000000001537d000 nmethod 1815 0x000000000336af90 code [0x000000000336b1e0, 0x000000000336c268]
Event: 11.338 Thread 0x000000001537d000 1817       3       sun.misc.ProxyGenerator$ExceptionTableEntry::<init> (26 bytes)
Event: 11.339 Thread 0x000000001537d000 nmethod 1817 0x000000000336c850 code [0x000000000336c9a0, 0x000000000336cb50]
Event: 11.339 Thread 0x000000001537d000 1819       3       sun.misc.ProxyGenerator$ConstantPool::getFieldRef (33 bytes)
Event: 11.341 Thread 0x000000001537d000 nmethod 1819 0x000000000336cc10 code [0x000000000336cea0, 0x000000000336dc48]
Event: 11.341 Thread 0x000000001537d000 1822       3       java.io.DataOutputStream::writeInt (65 bytes)
Event: 11.342 Thread 0x000000001537d000 nmethod 1822 0x000000000336e750 code [0x000000000336e900, 0x000000000336ee58]
Event: 11.347 Thread 0x000000001537d000 1823       3       java.lang.Class::forName (15 bytes)
Event: 11.347 Thread 0x000000001537d000 nmethod 1823 0x000000000336f010 code [0x000000000336f1a0, 0x000000000336f478]

GC Heap History (10 events):
Event: 2.651 GC heap before
{Heap before GC invocations=4 (full 0):
 PSYoungGen      total 18944K, used 18934K [0x00000000eb200000, 0x00000000ec700000, 0x0000000100000000)
  eden space 16384K, 100% used [0x00000000eb200000,0x00000000ec200000,0x00000000ec200000)
  from space 2560K, 99% used [0x00000000ec200000,0x00000000ec47d9d0,0x00000000ec480000)
  to   space 2560K, 0% used [0x00000000ec480000,0x00000000ec480000,0x00000000ec700000)
 ParOldGen       total 44032K, used 3972K [0x00000000c1600000, 0x00000000c4100000, 0x00000000eb200000)
  object space 44032K, 9% used [0x00000000c1600000,0x00000000c19e1178,0x00000000c4100000)
 Metaspace       used 14930K, capacity 15308K, committed 15488K, reserved 1062912K
  class space    used 1743K, capacity 1878K, committed 1920K, reserved 1048576K
Event: 2.657 GC heap after
Heap after GC invocations=4 (full 0):
 PSYoungGen      total 18944K, used 2544K [0x00000000eb200000, 0x00000000ec700000, 0x0000000100000000)
  eden space 16384K, 0% used [0x00000000eb200000,0x00000000eb200000,0x00000000ec200000)
  from space 2560K, 99% used [0x00000000ec480000,0x00000000ec6fc080,0x00000000ec700000)
  to   space 2560K, 0% used [0x00000000ec200000,0x00000000ec200000,0x00000000ec480000)
 ParOldGen       total 44032K, used 6509K [0x00000000c1600000, 0x00000000c4100000, 0x00000000eb200000)
  object space 44032K, 14% used [0x00000000c1600000,0x00000000c1c5b7a0,0x00000000c4100000)
 Metaspace       used 14930K, capacity 15308K, committed 15488K, reserved 1062912K
  class space    used 1743K, capacity 1878K, committed 1920K, reserved 1048576K
}
Event: 3.033 GC heap before
{Heap before GC invocations=5 (full 0):
 PSYoungGen      total 18944K, used 18918K [0x00000000eb200000, 0x00000000ec700000, 0x0000000100000000)
  eden space 16384K, 99% used [0x00000000eb200000,0x00000000ec1fd798,0x00000000ec200000)
  from space 2560K, 99% used [0x00000000ec480000,0x00000000ec6fc080,0x00000000ec700000)
  to   space 2560K, 0% used [0x00000000ec200000,0x00000000ec200000,0x00000000ec480000)
 ParOldGen       total 44032K, used 6509K [0x00000000c1600000, 0x00000000c4100000, 0x00000000eb200000)
  object space 44032K, 14% used [0x00000000c1600000,0x00000000c1c5b7a0,0x00000000c4100000)
 Metaspace       used 17352K, capacity 17696K, committed 17920K, reserved 1064960K
  class space    used 2071K, capacity 2204K, committed 2304K, reserved 1048576K
Event: 3.038 GC heap after
Heap after GC invocations=5 (full 0):
 PSYoungGen      total 18944K, used 2544K [0x00000000eb200000, 0x00000000ede00000, 0x0000000100000000)
  eden space 16384K, 0% used [0x00000000eb200000,0x00000000eb200000,0x00000000ec200000)
  from space 2560K, 99% used [0x00000000ec200000,0x00000000ec47c060,0x00000000ec480000)
  to   space 6144K, 0% used [0x00000000ed800000,0x00000000ed800000,0x00000000ede00000)
 ParOldGen       total 44032K, used 9138K [0x00000000c1600000, 0x00000000c4100000, 0x00000000eb200000)
  object space 44032K, 20% used [0x00000000c1600000,0x00000000c1eecaa0,0x00000000c4100000)
 Metaspace       used 17352K, capacity 17696K, committed 17920K, reserved 1064960K
  class space    used 2071K, capacity 2204K, committed 2304K, reserved 1048576K
}
Event: 3.993 GC heap before
{Heap before GC invocations=6 (full 0):
 PSYoungGen      total 18944K, used 18928K [0x00000000eb200000, 0x00000000ede00000, 0x0000000100000000)
  eden space 16384K, 100% used [0x00000000eb200000,0x00000000ec200000,0x00000000ec200000)
  from space 2560K, 99% used [0x00000000ec200000,0x00000000ec47c060,0x00000000ec480000)
  to   space 6144K, 0% used [0x00000000ed800000,0x00000000ed800000,0x00000000ede00000)
 ParOldGen       total 44032K, used 9138K [0x00000000c1600000, 0x00000000c4100000, 0x00000000eb200000)
  object space 44032K, 20% used [0x00000000c1600000,0x00000000c1eecaa0,0x00000000c4100000)
 Metaspace       used 19900K, capacity 20570K, committed 20864K, reserved 1067008K
  class space    used 2428K, capacity 2595K, committed 2688K, reserved 1048576K
Event: 4.002 GC heap after
Heap after GC invocations=6 (full 0):
 PSYoungGen      total 38912K, used 4677K [0x00000000eb200000, 0x00000000ede00000, 0x0000000100000000)
  eden space 32768K, 0% used [0x00000000eb200000,0x00000000eb200000,0x00000000ed200000)
  from space 6144K, 76% used [0x00000000ed800000,0x00000000edc914c8,0x00000000ede00000)
  to   space 6144K, 0% used [0x00000000ed200000,0x00000000ed200000,0x00000000ed800000)
 ParOldGen       total 44032K, used 9138K [0x00000000c1600000, 0x00000000c4100000, 0x00000000eb200000)
  object space 44032K, 20% used [0x00000000c1600000,0x00000000c1eecaa0,0x00000000c4100000)
 Metaspace       used 19900K, capacity 20570K, committed 20864K, reserved 1067008K
  class space    used 2428K, capacity 2595K, committed 2688K, reserved 1048576K
}
Event: 4.097 GC heap before
{Heap before GC invocations=7 (full 0):
 PSYoungGen      total 38912K, used 7700K [0x00000000eb200000, 0x00000000ede00000, 0x0000000100000000)
  eden space 32768K, 9% used [0x00000000eb200000,0x00000000eb4f3de8,0x00000000ed200000)
  from space 6144K, 76% used [0x00000000ed800000,0x00000000edc914c8,0x00000000ede00000)
  to   space 6144K, 0% used [0x00000000ed200000,0x00000000ed200000,0x00000000ed800000)
 ParOldGen       total 44032K, used 9138K [0x00000000c1600000, 0x00000000c4100000, 0x00000000eb200000)
  object space 44032K, 20% used [0x00000000c1600000,0x00000000c1eecaa0,0x00000000c4100000)
 Metaspace       used 20390K, capacity 21080K, committed 21248K, reserved 1067008K
  class space    used 2519K, capacity 2696K, committed 2816K, reserved 1048576K
Event: 4.103 GC heap after
Heap after GC invocations=7 (full 0):
 PSYoungGen      total 38912K, used 2548K [0x00000000eb200000, 0x00000000efe00000, 0x0000000100000000)
  eden space 32768K, 0% used [0x00000000eb200000,0x00000000eb200000,0x00000000ed200000)
  from space 6144K, 41% used [0x00000000ed200000,0x00000000ed47d298,0x00000000ed800000)
  to   space 6144K, 0% used [0x00000000ef800000,0x00000000ef800000,0x00000000efe00000)
 ParOldGen       total 44032K, used 10282K [0x00000000c1600000, 0x00000000c4100000, 0x00000000eb200000)
  object space 44032K, 23% used [0x00000000c1600000,0x00000000c200ab60,0x00000000c4100000)
 Metaspace       used 20390K, capacity 21080K, committed 21248K, reserved 1067008K
  class space    used 2519K, capacity 2696K, committed 2816K, reserved 1048576K
}
Event: 4.103 GC heap before
{Heap before GC invocations=8 (full 1):
 PSYoungGen      total 38912K, used 2548K [0x00000000eb200000, 0x00000000efe00000, 0x0000000100000000)
  eden space 32768K, 0% used [0x00000000eb200000,0x00000000eb200000,0x00000000ed200000)
  from space 6144K, 41% used [0x00000000ed200000,0x00000000ed47d298,0x00000000ed800000)
  to   space 6144K, 0% used [0x00000000ef800000,0x00000000ef800000,0x00000000efe00000)
 ParOldGen       total 44032K, used 10282K [0x00000000c1600000, 0x00000000c4100000, 0x00000000eb200000)
  object space 44032K, 23% used [0x00000000c1600000,0x00000000c200ab60,0x00000000c4100000)
 Metaspace       used 20390K, capacity 21080K, committed 21248K, reserved 1067008K
  class space    used 2519K, capacity 2696K, committed 2816K, reserved 1048576K
Event: 4.144 GC heap after
Heap after GC invocations=8 (full 1):
 PSYoungGen      total 38912K, used 0K [0x00000000eb200000, 0x00000000efe00000, 0x0000000100000000)
  eden space 32768K, 0% used [0x00000000eb200000,0x00000000eb200000,0x00000000ed200000)
  from space 6144K, 0% used [0x00000000ed200000,0x00000000ed200000,0x00000000ed800000)
  to   space 6144K, 0% used [0x00000000ef800000,0x00000000ef800000,0x00000000efe00000)
 ParOldGen       total 34304K, used 8983K [0x00000000c1600000, 0x00000000c3780000, 0x00000000eb200000)
  object space 34304K, 26% used [0x00000000c1600000,0x00000000c1ec5cb0,0x00000000c3780000)
 Metaspace       used 20390K, capacity 21080K, committed 21248K, reserved 1067008K
  class space    used 2519K, capacity 2696K, committed 2816K, reserved 1048576K
}

Deoptimization events (10 events):
Event: 3.187 Thread 0x0000000002c72800 Uncommon trap: reason=unstable_if action=reinterpret pc=0x0000000002fb07dc method=java.lang.String.replace(CC)Ljava/lang/String; @ 2
Event: 3.245 Thread 0x0000000017f20000 Uncommon trap: reason=predicate action=maybe_recompile pc=0x0000000003086fac method=sun.net.www.ParseUtil.encodePath(Ljava/lang/String;Z)Ljava/lang/String; @ 36
Event: 4.171 Thread 0x0000000002c72800 Uncommon trap: reason=class_check action=maybe_recompile pc=0x00000000031cf504 method=java.util.regex.Matcher.search(I)Z @ 86
Event: 4.171 Thread 0x0000000002c72800 Uncommon trap: reason=class_check action=maybe_recompile pc=0x00000000031cf504 method=java.util.regex.Matcher.search(I)Z @ 86
Event: 4.171 Thread 0x0000000002c72800 Uncommon trap: reason=class_check action=maybe_recompile pc=0x00000000031cf504 method=java.util.regex.Matcher.search(I)Z @ 86
Event: 4.171 Thread 0x0000000002c72800 Uncommon trap: reason=class_check action=maybe_recompile pc=0x00000000031cf504 method=java.util.regex.Matcher.search(I)Z @ 86
Event: 10.977 Thread 0x0000000002c72800 Uncommon trap: reason=class_check action=maybe_recompile pc=0x00000000032f3ca4 method=org.openqa.selenium.json.Input.init()V @ 13
Event: 10.977 Thread 0x0000000002c72800 Uncommon trap: reason=class_check action=maybe_recompile pc=0x00000000032f3ca4 method=org.openqa.selenium.json.Input.init()V @ 13
Event: 10.978 Thread 0x0000000002c72800 Uncommon trap: reason=class_check action=maybe_recompile pc=0x00000000032f3ca4 method=org.openqa.selenium.json.Input.init()V @ 13
Event: 10.978 Thread 0x0000000002c72800 Uncommon trap: reason=class_check action=maybe_recompile pc=0x00000000032f3ca4 method=org.openqa.selenium.json.Input.init()V @ 13

Classes redefined (0 events):
No events

Internal exceptions (10 events):
Event: 3.882 Thread 0x0000000002c72800 Exception <a 'java/lang/ArrayIndexOutOfBoundsException'> (0x00000000ebf781a8) thrown at [C:\re\workspace\8-2-build-windows-amd64-cygwin\jdk8u211\12973\hotspot\src\share\vm\runtime\sharedRuntime.cpp, line 605]
Event: 3.886 Thread 0x0000000002c72800 Exception <a 'java/lang/NoSuchMethodError': java.lang.Object.lambda$andThen$1(Ljava/util/function/Function;Ljava/lang/Object;)Ljava/lang/Object;> (0x00000000ebf8fef8) thrown at [C:\re\workspace\8-2-build-windows-amd64-cygwin\jdk8u211\12973\hotspot\src\sha
Event: 3.963 Thread 0x0000000002c72800 Exception <a 'java/lang/NoSuchMethodError': java.lang.Object.lambda$chars$0()Ljava/util/Spliterator$OfInt;> (0x00000000ec1a8a30) thrown at [C:\re\workspace\8-2-build-windows-amd64-cygwin\jdk8u211\12973\hotspot\src\share\vm\interpreter\linkResolver.cpp, li
Event: 5.239 Thread 0x0000000018b95800 Exception <a 'java/lang/ArrayIndexOutOfBoundsException'> (0x00000000ec351478) thrown at [C:\re\workspace\8-2-build-windows-amd64-cygwin\jdk8u211\12973\hotspot\src\share\vm\runtime\sharedRuntime.cpp, line 605]
Event: 5.239 Thread 0x0000000018b95800 Exception <a 'java/lang/ArrayIndexOutOfBoundsException'> (0x00000000ec352ca0) thrown at [C:\re\workspace\8-2-build-windows-amd64-cygwin\jdk8u211\12973\hotspot\src\share\vm\runtime\sharedRuntime.cpp, line 605]
Event: 5.241 Thread 0x0000000018b95800 Exception <a 'java/lang/ArrayIndexOutOfBoundsException'> (0x00000000ec356400) thrown at [C:\re\workspace\8-2-build-windows-amd64-cygwin\jdk8u211\12973\hotspot\src\share\vm\runtime\sharedRuntime.cpp, line 605]
Event: 5.242 Thread 0x0000000018b95800 Exception <a 'java/lang/ArrayIndexOutOfBoundsException'> (0x00000000ec357c18) thrown at [C:\re\workspace\8-2-build-windows-amd64-cygwin\jdk8u211\12973\hotspot\src\share\vm\runtime\sharedRuntime.cpp, line 605]
Event: 11.004 Thread 0x0000000002c72800 Exception <a 'java/lang/NoSuchMethodError': java.lang.Object.lambda$getResponseFunction$0(Lorg/openqa/selenium/remote/InitialHandshakeResponse;)Lorg/openqa/selenium/remote/ProtocolHandshake$Result;> (0x00000000ec88af70) thrown at [C:\re\workspace\8-2-buil
Event: 11.142 Thread 0x0000000017d10800 Exception <a 'java/lang/OutOfMemoryError'> (0x00000000ecbbf160) thrown at [C:\re\workspace\8-2-build-windows-amd64-cygwin\jdk8u211\12973\hotspot\src\share\vm\prims\unsafe.cpp, line 618]
Event: 11.142 Thread 0x0000000017d10800 Exception <a 'java/lang/OutOfMemoryError'> (0x00000000ecbbf160) thrown at [C:\re\workspace\8-2-build-windows-amd64-cygwin\jdk8u211\12973\hotspot\src\share\vm\prims\jni.cpp, line 710]

Events (10 events):
Event: 11.336 loading class org/openqa/selenium/logging/EventType
Event: 11.336 loading class org/openqa/selenium/logging/EventType done
Event: 11.348 loading class com/odoo/features/LoginFeature
Event: 11.348 loading class com/odoo/features/LoginFeature done
Event: 11.351 loading class com/odoo/steps/LoginSteps
Event: 11.351 loading class com/odoo/steps/LoginSteps done
Event: 11.354 loading class com/odoo/pageobjects/LoginPage
Event: 11.354 loading class com/odoo/pageobjects/LoginPage done
Event: 11.373 loading class com/odoo/pageobjects/BasePage
Event: 11.373 loading class com/odoo/pageobjects/BasePage done


Dynamic libraries:
0x00007ff65c460000 - 0x00007ff65c497000 	C:\Program Files\Java\jdk1.8.0_211\jre\bin\java.exe
0x00007ffdef300000 - 0x00007ffdef4f0000 	C:\Windows\SYSTEM32\ntdll.dll
0x00007ffded7b0000 - 0x00007ffded862000 	C:\Windows\System32\KERNEL32.DLL
0x00007ffdec2b0000 - 0x00007ffdec555000 	C:\Windows\System32\KERNELBASE.dll
0x00007ffded6f0000 - 0x00007ffded793000 	C:\Windows\System32\ADVAPI32.dll
0x00007ffdeeb60000 - 0x00007ffdeebfe000 	C:\Windows\System32\msvcrt.dll
0x00007ffdeee00000 - 0x00007ffdeee97000 	C:\Windows\System32\sechost.dll
0x00007ffdef120000 - 0x00007ffdef240000 	C:\Windows\System32\RPCRT4.dll
0x00007ffdee0c0000 - 0x00007ffdee254000 	C:\Windows\System32\USER32.dll
0x00007ffdec560000 - 0x00007ffdec581000 	C:\Windows\System32\win32u.dll
0x00007ffdee090000 - 0x00007ffdee0b6000 	C:\Windows\System32\GDI32.dll
0x00007ffded160000 - 0x00007ffded2f6000 	C:\Windows\System32\gdi32full.dll
0x00007ffdec7d0000 - 0x00007ffdec86e000 	C:\Windows\System32\msvcp_win.dll
0x00007ffded060000 - 0x00007ffded15a000 	C:\Windows\System32\ucrtbase.dll
0x00007ffddf760000 - 0x00007ffddf9e4000 	C:\Windows\WinSxS\amd64_microsoft.windows.common-controls_6595b64144ccf1df_6.0.18362.1198_none_9e820b57e45ad92f\COMCTL32.dll
0x00007ffded870000 - 0x00007ffdedba5000 	C:\Windows\System32\combase.dll
0x00007ffdec700000 - 0x00007ffdec780000 	C:\Windows\System32\bcryptPrimitives.dll
0x00007ffded5d0000 - 0x00007ffded5fe000 	C:\Windows\System32\IMM32.DLL
0x0000000071600000 - 0x00000000716d2000 	C:\Program Files\Java\jdk1.8.0_211\jre\bin\msvcr100.dll
0x0000000070d50000 - 0x00000000715f5000 	C:\Program Files\Java\jdk1.8.0_211\jre\bin\server\jvm.dll
0x00007ffded7a0000 - 0x00007ffded7a8000 	C:\Windows\System32\PSAPI.DLL
0x00007ffde93b0000 - 0x00007ffde93d4000 	C:\Windows\SYSTEM32\WINMM.dll
0x00007ffdd2460000 - 0x00007ffdd2469000 	C:\Windows\SYSTEM32\WSOCK32.dll
0x00007ffde5600000 - 0x00007ffde560a000 	C:\Windows\SYSTEM32\VERSION.dll
0x00007ffdee3a0000 - 0x00007ffdee40f000 	C:\Windows\System32\WS2_32.dll
0x00007ffde9380000 - 0x00007ffde93ad000 	C:\Windows\SYSTEM32\WINMMBASE.dll
0x00007ffdec780000 - 0x00007ffdec7ca000 	C:\Windows\System32\cfgmgr32.dll
0x00007ffde7c60000 - 0x00007ffde7c6f000 	C:\Program Files\Java\jdk1.8.0_211\jre\bin\verify.dll
0x00007ffdd5760000 - 0x00007ffdd5789000 	C:\Program Files\Java\jdk1.8.0_211\jre\bin\java.dll
0x00007ffdd56c0000 - 0x00007ffdd56d6000 	C:\Program Files\Java\jdk1.8.0_211\jre\bin\zip.dll
0x00007ffdee470000 - 0x00007ffdeeb57000 	C:\Windows\System32\SHELL32.dll
0x00007ffded520000 - 0x00007ffded5c9000 	C:\Windows\System32\shcore.dll
0x00007ffdec870000 - 0x00007ffdecff1000 	C:\Windows\System32\windows.storage.dll
0x00007ffdec250000 - 0x00007ffdec273000 	C:\Windows\System32\profapi.dll
0x00007ffdec1e0000 - 0x00007ffdec22a000 	C:\Windows\System32\powrprof.dll
0x00007ffdec1b0000 - 0x00007ffdec1c0000 	C:\Windows\System32\UMPDC.dll
0x00007ffdef240000 - 0x00007ffdef292000 	C:\Windows\System32\shlwapi.dll
0x00007ffdec1c0000 - 0x00007ffdec1d1000 	C:\Windows\System32\kernel.appcore.dll
0x00007ffdec6e0000 - 0x00007ffdec6f7000 	C:\Windows\System32\cryptsp.dll
0x00007ffde64f0000 - 0x00007ffde64fd000 	C:\Program Files\Java\jdk1.8.0_211\jre\bin\management.dll
0x00007ffdeb510000 - 0x00007ffdeb543000 	C:\Windows\system32\rsaenh.dll
0x00007ffdec280000 - 0x00007ffdec2a6000 	C:\Windows\System32\bcrypt.dll
0x00007ffdec0d0000 - 0x00007ffdec0f5000 	C:\Windows\SYSTEM32\USERENV.dll
0x00007ffdebb70000 - 0x00007ffdebb7c000 	C:\Windows\SYSTEM32\CRYPTBASE.dll
0x00007ffdd5670000 - 0x00007ffdd568a000 	C:\Program Files\Java\jdk1.8.0_211\jre\bin\net.dll
0x00007ffddfff0000 - 0x00007ffde01c6000 	C:\Windows\SYSTEM32\urlmon.dll
0x00007ffdde330000 - 0x00007ffdde5d7000 	C:\Windows\SYSTEM32\iertutil.dll
0x00007ffdeb9a0000 - 0x00007ffdeba07000 	C:\Windows\system32\mswsock.dll
0x00007ffdeb6b0000 - 0x00007ffdeb6ea000 	C:\Windows\SYSTEM32\IPHLPAPI.DLL
0x00007ffded510000 - 0x00007ffded518000 	C:\Windows\System32\NSI.dll
0x00007ffde4b10000 - 0x00007ffde4b26000 	C:\Windows\SYSTEM32\dhcpcsvc6.DLL
0x00007ffde3ea0000 - 0x00007ffde3ebc000 	C:\Windows\SYSTEM32\dhcpcsvc.DLL
0x00007ffdeb6f0000 - 0x00007ffdeb7bb000 	C:\Windows\SYSTEM32\DNSAPI.dll
0x00007ffdd4ff0000 - 0x00007ffdd5002000 	C:\Program Files\Java\jdk1.8.0_211\jre\bin\nio.dll
0x00007ffdd4de0000 - 0x00007ffdd4e04000 	C:\Program Files\Java\jdk1.8.0_211\jre\bin\sunec.dll
0x00007ffdde9b0000 - 0x00007ffdde9ba000 	C:\Windows\System32\rasadhlp.dll
0x00007ffde48e0000 - 0x00007ffde4957000 	C:\Windows\System32\fwpuclnt.dll
0x00007ffde0600000 - 0x00007ffde060b000 	C:\Program Files\Java\jdk1.8.0_211\jre\bin\sunmscapi.dll
0x00007ffdec590000 - 0x00007ffdec6d9000 	C:\Windows\System32\CRYPT32.dll
0x00007ffdec230000 - 0x00007ffdec242000 	C:\Windows\System32\MSASN1.dll
0x00007ffdd23a0000 - 0x00007ffdd23b6000 	C:\Windows\system32\napinsp.dll
0x00007ffdd2380000 - 0x00007ffdd239a000 	C:\Windows\system32\pnrpnsp.dll
0x00007ffdd2370000 - 0x00007ffdd237e000 	C:\Windows\System32\winrnr.dll
0x00007ffde8a80000 - 0x00007ffde8a9c000 	C:\Windows\system32\NLAapi.dll
0x00007ffdd8120000 - 0x00007ffdd8135000 	C:\Windows\system32\wshbth.dll

VM Arguments:
java_command: C:\Users\AyushSharma\AppData\Local\Temp\surefire2450814740888227482\surefirebooter7668810090470714481.jar C:\Users\AyushSharma\AppData\Local\Temp\surefire2450814740888227482 2020-12-07T17-44-16_604-jvmRun1 surefire763047352863781681tmp surefire_03001544308784353445tmp
java_class_path (initial): C:\Users\AyushSharma\AppData\Local\Temp\surefire2450814740888227482\surefirebooter7668810090470714481.jar
Launcher Type: SUN_STANDARD

Environment Variables:
JAVA_HOME=C:\Program Files\Java\jdk1.8.0_211
PATH=C:\Program Files (x86)\Common Files\Oracle\Java\javapath;C:\Program Files (x86)\Intel\iCLS Client\;C:\Program Files\Intel\iCLS Client\;C:\app\AyushSharma\product\11.2.0\dbhome_1\bin;C:\Windows\system32;C:\Windows;C:\Windows\System32\Wbem;C:\Windows\System32\WindowsPowerShell\v1.0\;C:\Windows\System32\OpenSSH\;C:\Program Files (x86)\Intel\Intel(R) Management Engine Components\DAL;C:\Program Files\Intel\Intel(R) Management Engine Components\DAL;C:\Program Files (x86)\Intel\Intel(R) Management Engine Components\IPT;C:\Program Files\Intel\Intel(R) Management Engine Components\IPT;C:\Program Files\Java\jdk1.8.0_211\bin;C:\apache-maven-3.6.3\bin;C:\Program Files\nodejs\;C:\Program Files\Git\cmd;C:\Users\AyushSharma\AppData\Local\Microsoft\WindowsApps;C:\Users\AyushSharma\AppData\Roaming\npm;C:\Users\AyushSharma\AppData\Local\Programs\Microsoft VS Code\bin
USERNAME=AyushSharma
OS=Windows_NT
PROCESSOR_IDENTIFIER=Intel64 Family 6 Model 69 Stepping 1, GenuineIntel



---------------  S Y S T E M  ---------------

OS: Windows 10.0 , 64 bit Build 18362 (10.0.18362.1110)

CPU:total 4 (initial active 4) (2 cores per cpu, 2 threads per core) family 6 model 69 stepping 1, cmov, cx8, fxsr, mmx, sse, sse2, sse3, ssse3, sse4.1, sse4.2, popcnt, avx, avx2, aes, clmul, erms, lzcnt, ht, tsc, tscinvbit, bmi1, bmi2

Memory: 4k page, physical 4097496k(288648k free), swap 16680408k(1792k free)

vm_info: Java HotSpot(TM) 64-Bit Server VM (25.211-b12) for windows-amd64 JRE (1.8.0_211-b12), built on Apr  1 2019 20:53:26 by "java_re" with MS VC++ 10.0 (VS2010)

time: Mon Dec 07 17:44:28 2020
timezone: India Standard Time
elapsed time: 11 seconds (0d 0h 0m 11s)

